<?xml version="1.0" encoding="UTF-8"?>
<testsuite xmlns:xsi="http://www.w3.org/2001/XMLSchema-instance" xsi:noNamespaceSchemaLocation="https://maven.apache.org/surefire/maven-surefire-plugin/xsd/surefire-test-report-3.0.xsd" version="3.0" name="com.nttdata.client.test.service.ClientServiceTest" time="0.036" tests="2" errors="0" skipped="0" failures="0">
  <properties>
[...]
</properties>
  <testcase name="getClientReturnsCorrectClientTest" classname="com.nttdata.client.test.service.ClientServiceTest" time="0.014">
    <system-out><![CDATA[2024-08-18T00:26:30.858-05:00  INFO 88816 --- [client] [           main] t.c.s.AnnotationConfigContextLoaderUtils : Could not detect default configuration classes for test class [com.nttdata.client.test.service.ClientServiceTest]: ClientServiceTest does not declare any static, non-private, non-final, nested classes annotated with @Configuration.
2024-08-18T00:26:30.869-05:00  INFO 88816 --- [client] [           main] .b.t.c.SpringBootTestContextBootstrapper : Found @SpringBootConfiguration com.nttdata.client.ClientApplication for test class com.nttdata.client.test.service.ClientServiceTest
]]></system-out>
  </testcase>
  <testcase name="getClientReturnNullTest" classname="com.nttdata.client.test.service.ClientServiceTest" time="0.003"/>
</testsuite>